DEBUG 2015-06-01 10:33:16,224: 	 Executing command: 'submit'
DEBUG 2015-06-01 10:33:16,225: 	 Found CRAB cache file /users/db0268/.crab3
DEBUG 2015-06-01 10:33:16,251: 	 Checking credentials
DEBUG 2015-06-01 10:33:16,252: 	 Found proxy file /tmp/x509up_u55855
DEBUG 2015-06-01 10:33:16,252: 	 Getting proxy life time left
DEBUG 2015-06-01 10:33:16,956: 	 Executing : 
 command : voms-proxy-info -file /tmp/x509up_u55855 -timeleft
 output : 38726

 error: 
 retcode : 0
DEBUG 2015-06-01 10:33:17,560: 	 Executing : 
 command : voms-proxy-info -file /tmp/x509up_u55855 -actimeleft
 output : 38724

 error: 
 retcode : 0
DEBUG 2015-06-01 10:33:17,560: 	 Proxy valid for 10:45:26 hours
INFO 2015-06-01 10:33:17,561: 	 Will use CRAB configuration file crabConfig.py
DEBUG 2015-06-01 10:33:17,561: 	 Loading CRAB configuration file.
DEBUG 2015-06-01 10:33:17,562: 	 Will use CRAB Analysis plugin (i.e. will run an analysis job type).
DEBUG 2015-06-01 10:33:17,682: 	 Executing : 
 command : openssl x509 -in ~/.globus/usercert.pem -subject -noout
 output : subject= /DC=ch/DC=cern/OU=Organic Units/OU=Users/CN=doburns/CN=762974/CN=Douglas John Paul Burns

 error: WARNING: can't open config file: /build/dmwmbld/srv/state/dmwmbld/builds/comp_gcc481/w/tmp/BUILDROOT/779a792f862039a4ebba572299ebbb36/build/dmwmbld/srv/state/dmwmbld/builds/comp_gcc481/w/slc6_amd64_gcc481/external/openssl/1.0.1m-comp/ssl/openssl.cnf

 retcode : 0
DEBUG 2015-06-01 10:33:17,682: 	 Checking credentials
DEBUG 2015-06-01 10:33:17,682: 	 Found proxy file /tmp/x509up_u55855
DEBUG 2015-06-01 10:33:17,682: 	 Getting proxy life time left
DEBUG 2015-06-01 10:33:18,286: 	 Executing : 
 command : voms-proxy-info -file /tmp/x509up_u55855 -timeleft
 output : 38724

 error: 
 retcode : 0
DEBUG 2015-06-01 10:33:18,891: 	 Executing : 
 command : voms-proxy-info -file /tmp/x509up_u55855 -actimeleft
 output : 38723

 error: 
 retcode : 0
DEBUG 2015-06-01 10:33:18,891: 	 Proxy valid for 10:45:24 hours
DEBUG 2015-06-01 10:33:19,495: 	 Executing : 
 command : env X509_USER_PROXY=/tmp/x509up_u55855 voms-proxy-info -fqan
 output : /cms/Role=NULL/Capability=NULL

 error: 
 retcode : 0
DEBUG 2015-06-01 10:33:19,953: 	 Registering user credentials for server /DC=ch/DC=cern/OU=computers/CN=vocms(045|052|021|031).cern.ch
DEBUG 2015-06-01 10:33:20,063: 	 Executing : 
 command : openssl x509 -in ~/.globus/usercert.pem -subject -noout
 output : subject= /DC=ch/DC=cern/OU=Organic Units/OU=Users/CN=doburns/CN=762974/CN=Douglas John Paul Burns

 error: WARNING: can't open config file: /build/dmwmbld/srv/state/dmwmbld/builds/comp_gcc481/w/tmp/BUILDROOT/779a792f862039a4ebba572299ebbb36/build/dmwmbld/srv/state/dmwmbld/builds/comp_gcc481/w/slc6_amd64_gcc481/external/openssl/1.0.1m-comp/ssl/openssl.cnf

 retcode : 0
DEBUG 2015-06-01 10:33:20,063: 	 Getting myproxy life time left for myproxy.cern.ch
DEBUG 2015-06-01 10:33:20,063: 	 Calculating hash of /DC=ch/DC=cern/OU=Organic Units/OU=Users/CN=doburns/CN=762974/CN=Douglas John Paul Burns_cmsweb.cern.ch for credential name
DEBUG 2015-06-01 10:33:20,567: 	 Executing : 
 command : myproxy-info -l 4c7e82e423d37f6a9e2bee9ad8074253144912c7 -s myproxy.cern.ch
 output : username: 4c7e82e423d37f6a9e2bee9ad8074253144912c7
owner: /DC=ch/DC=cern/OU=Organic Units/OU=Users/CN=doburns/CN=762974/CN=Douglas John Paul Burns
  renewal policy: /DC=ch/DC=cern/OU=computers/CN=vocms(3[136]|21|045|052|021|031).cern.ch
  trusted retrieval policy: /DC=ch/DC=cern/OU=computers/CN=vocms(3[136]|21|045|052|021|031).cern.ch
  timeleft: 0:00:00

 error: 
 retcode : 0
DEBUG 2015-06-01 10:33:20,568: 	 Myproxy is valid: 0
DEBUG 2015-06-01 10:33:20,672: 	 Executing : 
 command : openssl x509 -noout -in ~/.globus/usercert.pem -dates
 output : notBefore=Oct 14 13:22:36 2014 GMT
notAfter=Oct 14 13:22:36 2015 GMT

 error: WARNING: can't open config file: /build/dmwmbld/srv/state/dmwmbld/builds/comp_gcc481/w/tmp/BUILDROOT/779a792f862039a4ebba572299ebbb36/build/dmwmbld/srv/state/dmwmbld/builds/comp_gcc481/w/slc6_amd64_gcc481/external/openssl/1.0.1m-comp/ssl/openssl.cnf

 retcode : 0
DEBUG 2015-06-01 10:33:20,696: 	 Delegating a myproxy for 720:00 hours
DEBUG 2015-06-01 10:33:20,696: 	 Calculating hash of /DC=ch/DC=cern/OU=Organic Units/OU=Users/CN=doburns/CN=762974/CN=Douglas John Paul Burns_cmsweb.cern.ch for credential name
DEBUG 2015-06-01 10:33:26,206: 	 Executing : 
 command : export GT_PROXY_MODE=rfc ; myproxy-init -d -n -s myproxy.cern.ch -x -R '/DC=ch/DC=cern/OU=computers/CN=vocms(045|052|021|031).cern.ch' -x -Z '/DC=ch/DC=cern/OU=computers/CN=vocms(045|052|021|031).cern.ch' -l '4c7e82e423d37f6a9e2bee9ad8074253144912c7' -t 168:00 -c 720:00
 output : Your identity: /DC=ch/DC=cern/OU=Organic Units/OU=Users/CN=doburns/CN=762974/CN=Douglas John Paul Burns
Creating proxy .......................................................................................................................................................... Done
Proxy Verify OK
Your proxy is valid until: Wed Jul  1 10:33:25 2015
A proxy valid for 720 hours (30.0 days) for user 4c7e82e423d37f6a9e2bee9ad8074253144912c7 now exists on myproxy.cern.ch.

 error: 
 retcode : 0
DEBUG 2015-06-01 10:33:26,206: 	 Calculating hash of /DC=ch/DC=cern/OU=Organic Units/OU=Users/CN=doburns/CN=762974/CN=Douglas John Paul Burns_cmsweb.cern.ch for credential name
DEBUG 2015-06-01 10:33:26,710: 	 Executing : 
 command : myproxy-info -l 4c7e82e423d37f6a9e2bee9ad8074253144912c7 -s myproxy.cern.ch
 output : username: 4c7e82e423d37f6a9e2bee9ad8074253144912c7
owner: /DC=ch/DC=cern/OU=Organic Units/OU=Users/CN=doburns/CN=762974/CN=Douglas John Paul Burns
  renewal policy: /DC=ch/DC=cern/OU=computers/CN=vocms(045|052|021|031).cern.ch
  trusted retrieval policy: /DC=ch/DC=cern/OU=computers/CN=vocms(045|052|021|031).cern.ch
  timeleft: 719:59:59  (30.0 days)

 error: 
 retcode : 0
DEBUG 2015-06-01 10:33:26,710: 	 My-proxy delegated.
DEBUG 2015-06-01 10:33:26,710: 	 Command use: submit
DEBUG 2015-06-01 10:33:26,710: 	 Options use: []
DEBUG 2015-06-01 10:33:27,230: 	 CRABClient version: 3.3.16.patch1
DEBUG 2015-06-01 10:33:27,230: 	 Instance is prod
DEBUG 2015-06-01 10:33:27,230: 	 Server base url is cmsweb.cern.ch
DEBUG 2015-06-01 10:33:27,230: 	 Command url /crabserver/prod/workflow
DEBUG 2015-06-01 10:33:27,230: 	 Started submission
DEBUG 2015-06-01 10:33:27,230: 	 Working on ./crab_Crab_Trigger_Sample
DEBUG 2015-06-01 10:33:27,956: 	 Found CMSSW_7_4_3 for slc6_amd64_gcc491 with base /storage/db0268/ServiceTriggerWork/CMSSW_7_4_3
DEBUG 2015-06-01 10:33:27,989: 	 UNIQUE NAME: tarUUID 06cfcea3-fc97-4d68-94a9-c77624925fb2 
DEBUG 2015-06-01 10:33:27,989: 	 self.config: from WMCore.Configuration import Configuration
config = Configuration()
config.section_('General')
config.General.requestName = 'Crab_Trigger_Sample'
config.section_('JobType')
config.JobType.psetName = 'ConfFile_cfg.py'
config.JobType.pluginName = 'Analysis'
config.section_('Data')
config.Data.inputDataset = '/TTJets_TuneCUETP8M1_13TeV-amcatnloFXFX-pythia8/RunIISpring15DR74-Asympt25ns_MCRUN2_74_V9-v1/MINIAODSIM'
config.Data.unitsPerJob = 20
config.Data.splitting = 'FileBased'
config.section_('User')
config.section_('Site')
config.Site.storageSite = 'T2_UK_SGrid_Bristol'

DEBUG 2015-06-01 10:33:27,990: 	 self.config.JobType.psetName: ConfFile_cfg.py
DEBUG 2015-06-01 10:33:27,990: 	 Importing CMSSW configuration ConfFile_cfg.py
DEBUG 2015-06-01 10:33:28,249: 	 The following EDM output files will be collected: []
DEBUG 2015-06-01 10:33:28,249: 	 The following TFile output files will be collected: ['Trigger.root']
DEBUG 2015-06-01 10:33:28,249: 	 The following user output files will be collected: []
DEBUG 2015-06-01 10:33:28,249: 	 Writing CMSSW configuration to ./crab_Crab_Trigger_Sample/inputs/CMSSW_cfg.py
DEBUG 2015-06-01 10:33:28,258: 	 Found CMSSW_7_4_3 for slc6_amd64_gcc491 with base /storage/db0268/ServiceTriggerWork/CMSSW_7_4_3
DEBUG 2015-06-01 10:33:28,258: 	 Making tarball in ./crab_Crab_Trigger_Sample/inputs/06cfcea3-fc97-4d68-94a9-c77624925fb2default.tgz
DEBUG 2015-06-01 10:33:28,258: 	  checking directory /storage/db0268/ServiceTriggerWork/CMSSW_7_4_3/lib
DEBUG 2015-06-01 10:33:28,258: 	  adding directory /storage/db0268/ServiceTriggerWork/CMSSW_7_4_3/lib to tarball
DEBUG 2015-06-01 10:33:28,291: 	  checking directory /storage/db0268/ServiceTriggerWork/CMSSW_7_4_3/biglib
DEBUG 2015-06-01 10:33:28,292: 	  adding directory /storage/db0268/ServiceTriggerWork/CMSSW_7_4_3/biglib to tarball
DEBUG 2015-06-01 10:33:28,292: 	  checking directory /storage/db0268/ServiceTriggerWork/CMSSW_7_4_3/module
DEBUG 2015-06-01 10:33:28,293: 	  adding data directory /storage/db0268/ServiceTriggerWork/CMSSW_7_4_3/src/data to tarball
DEBUG 2015-06-01 10:33:28,341: 	 tgz contents: [('lib', 0, 1432828875, 'db0268'), ('lib/slc6_amd64_gcc491', 0, 1433148687, 'db0268'), ('lib/slc6_amd64_gcc491/pluginStoreTriggerStoreTriggerAuto.so', 70947, 1433148686, 'db0268'), ('lib/slc6_amd64_gcc491/StoreTriggerStoreTriggerAuto.edmplugin', 45, 1433148686, 'db0268'), ('lib/slc6_amd64_gcc491/.edmplugincache', 170, 1433148687, 'db0268'), ('lib/slc6_amd64_gcc491/.poisonededmplugincache', 0, 1433146206, 'db0268'), ('biglib', 0, 1432828875, 'db0268'), ('biglib/slc6_amd64_gcc491', 0, 1432828875, 'db0268'), ('src/data', 0, 1433148823, 'db0268'), ('src/data/Trigger.root', 1622912, 1433148736, 'db0268'), ('PSet.py', 101, 1433151208, 'db0268'), ('PSet.pkl', 8576, 1433151208, 'db0268'), ('debug/originalPSet.py', 972, 1433151168, 'db0268'), ('debug/crabConfig.py', 578, 1433151208, 'db0268')]
DEBUG 2015-06-01 10:33:28,341: 	 MD5 checksum: a6bf4c7534df6be6009f39e90a87a84e
DEBUG 2015-06-01 10:33:28,341: 	  uploading archive to cache /storage/db0268/ServiceTriggerWork/CMSSW_7_4_3/src/StoreTrigger/StoreTrigger/crab/crab_Crab_Trigger_Sample/inputs/06cfcea3-fc97-4d68-94a9-c77624925fb2default.tgz 
DEBUG 2015-06-01 10:33:28,930: 	 Result uploading input files: ('46e38559e5ad29bbf98bac36abb3b23b0fa74b848ba48e7c91bfc1b4f32ceba4.tar.gz', 'a6bf4c7534df6be6009f39e90a87a84e') 
WARNING 2015-06-01 10:33:28,930: 	 Warning: The following output files will not be published, as they are not EDM files: ['Trigger.root']
INFO 2015-06-01 10:33:28,931: 	 Sending the request to the server
DEBUG 2015-06-01 10:33:28,931: 	 Submitting {'ignorelocality': 0, 'dryrun': 0, 'workflow': 'crab_Crab_Trigger_Sample', 'adduserfiles': [], 'publishname': 'a6bf4c7534df6be6009f39e90a87a84e', 'savelogsflag': 0, 'useparent': 0, 'nonprodsw': 0, 'tfileoutfiles': ['Trigger.root'], 'asyncdest': 'T2_UK_SGrid_Bristol', 'oneEventMode': 0, 'algoargs': 20, 'saveoutput': 1, 'totalunits': 0, 'cachefilename': '46e38559e5ad29bbf98bac36abb3b23b0fa74b848ba48e7c91bfc1b4f32ceba4.tar.gz', 'jobarch': 'slc6_amd64_gcc491', 'addoutputfiles': [], 'generator': 'pythia', 'splitalgo': 'FileBased', 'publishdbsurl': 'https://cmsweb.cern.ch/dbs/prod/phys03/DBSWriter', 'jobsw': 'CMSSW_7_4_3', 'dbsurl': 'https://cmsweb.cern.ch/dbs/prod/global/DBSReader', 'publication': 1, 'edmoutfiles': [], 'cacheurl': 'https://cmsweb.cern.ch/crabcache', 'inputdata': '/TTJets_TuneCUETP8M1_13TeV-amcatnloFXFX-pythia8/RunIISpring15DR74-Asympt25ns_MCRUN2_74_V9-v1/MINIAODSIM', 'jobtype': 'Analysis'} 
DEBUG 2015-06-01 10:33:28,931: 	 Encoded submit request: ignorelocality=0&dryrun=0&workflow=crab_Crab_Trigger_Sample&publishname=a6bf4c7534df6be6009f39e90a87a84e&savelogsflag=0&useparent=0&nonprodsw=0&asyncdest=T2_UK_SGrid_Bristol&oneEventMode=0&algoargs=20&saveoutput=1&totalunits=0&cachefilename=46e38559e5ad29bbf98bac36abb3b23b0fa74b848ba48e7c91bfc1b4f32ceba4.tar.gz&jobarch=slc6_amd64_gcc491&generator=pythia&splitalgo=FileBased&publishdbsurl=https%3A%2F%2Fcmsweb.cern.ch%2Fdbs%2Fprod%2Fphys03%2FDBSWriter&jobsw=CMSSW_7_4_3&dbsurl=https%3A%2F%2Fcmsweb.cern.ch%2Fdbs%2Fprod%2Fglobal%2FDBSReader&publication=1&cacheurl=https%3A%2F%2Fcmsweb.cern.ch%2Fcrabcache&inputdata=%2FTTJets_TuneCUETP8M1_13TeV-amcatnloFXFX-pythia8%2FRunIISpring15DR74-Asympt25ns_MCRUN2_74_V9-v1%2FMINIAODSIM&jobtype=Analysis&tfileoutfiles=Trigger.root
DEBUG 2015-06-01 10:33:31,469: 	 Result: {'result': [{'RequestName': '150601_093330:doburns_crab_Crab_Trigger_Sample'}]}
INFO 2015-06-01 10:33:31,470: 	 Success: Your task has been delivered to the CRAB3 server.
INFO 2015-06-01 10:33:31,470: 	 Task name: 150601_093330:doburns_crab_Crab_Trigger_Sample
INFO 2015-06-01 10:33:31,470: 	 Please use 'crab status' to check how the submission process proceeds.
DEBUG 2015-06-01 10:33:31,470: 	 About to return
DEBUG 2015-06-01 10:33:43,261: 	 Executing command: 'status'
DEBUG 2015-06-01 10:33:43,262: 	 Found CRAB cache file /users/db0268/.crab3
DEBUG 2015-06-01 10:33:43,271: 	 Checking credentials
DEBUG 2015-06-01 10:33:43,271: 	 Found proxy file /tmp/x509up_u55855
DEBUG 2015-06-01 10:33:43,271: 	 Getting proxy life time left
DEBUG 2015-06-01 10:33:43,875: 	 Executing : 
 command : voms-proxy-info -file /tmp/x509up_u55855 -timeleft
 output : 38699

 error: 
 retcode : 0
DEBUG 2015-06-01 10:33:44,480: 	 Executing : 
 command : voms-proxy-info -file /tmp/x509up_u55855 -actimeleft
 output : 38697

 error: 
 retcode : 0
DEBUG 2015-06-01 10:33:44,480: 	 Proxy valid for 10:44:59 hours
DEBUG 2015-06-01 10:33:44,607: 	 Executing : 
 command : openssl x509 -in ~/.globus/usercert.pem -subject -noout
 output : subject= /DC=ch/DC=cern/OU=Organic Units/OU=Users/CN=doburns/CN=762974/CN=Douglas John Paul Burns

 error: WARNING: can't open config file: /build/dmwmbld/srv/state/dmwmbld/builds/comp_gcc481/w/tmp/BUILDROOT/779a792f862039a4ebba572299ebbb36/build/dmwmbld/srv/state/dmwmbld/builds/comp_gcc481/w/slc6_amd64_gcc481/external/openssl/1.0.1m-comp/ssl/openssl.cnf

 retcode : 0
DEBUG 2015-06-01 10:33:44,607: 	 Checking credentials
DEBUG 2015-06-01 10:33:44,607: 	 Found proxy file /tmp/x509up_u55855
DEBUG 2015-06-01 10:33:44,607: 	 Getting proxy life time left
DEBUG 2015-06-01 10:33:45,211: 	 Executing : 
 command : voms-proxy-info -file /tmp/x509up_u55855 -timeleft
 output : 38697

 error: 
 retcode : 0
DEBUG 2015-06-01 10:33:45,816: 	 Executing : 
 command : voms-proxy-info -file /tmp/x509up_u55855 -actimeleft
 output : 38696

 error: 
 retcode : 0
DEBUG 2015-06-01 10:33:45,816: 	 Proxy valid for 10:44:57 hours
DEBUG 2015-06-01 10:33:46,240: 	 Registering user credentials for server /DC=ch/DC=cern/OU=computers/CN=vocms(045|052|021|031).cern.ch
DEBUG 2015-06-01 10:33:46,350: 	 Executing : 
 command : openssl x509 -in ~/.globus/usercert.pem -subject -noout
 output : subject= /DC=ch/DC=cern/OU=Organic Units/OU=Users/CN=doburns/CN=762974/CN=Douglas John Paul Burns

 error: WARNING: can't open config file: /build/dmwmbld/srv/state/dmwmbld/builds/comp_gcc481/w/tmp/BUILDROOT/779a792f862039a4ebba572299ebbb36/build/dmwmbld/srv/state/dmwmbld/builds/comp_gcc481/w/slc6_amd64_gcc481/external/openssl/1.0.1m-comp/ssl/openssl.cnf

 retcode : 0
DEBUG 2015-06-01 10:33:46,351: 	 Getting myproxy life time left for myproxy.cern.ch
DEBUG 2015-06-01 10:33:46,351: 	 Calculating hash of /DC=ch/DC=cern/OU=Organic Units/OU=Users/CN=doburns/CN=762974/CN=Douglas John Paul Burns_cmsweb.cern.ch for credential name
DEBUG 2015-06-01 10:33:46,654: 	 Executing : 
 command : myproxy-info -l 4c7e82e423d37f6a9e2bee9ad8074253144912c7 -s myproxy.cern.ch
 output : username: 4c7e82e423d37f6a9e2bee9ad8074253144912c7
owner: /DC=ch/DC=cern/OU=Organic Units/OU=Users/CN=doburns/CN=762974/CN=Douglas John Paul Burns
  renewal policy: /DC=ch/DC=cern/OU=computers/CN=vocms(045|052|021|031).cern.ch
  trusted retrieval policy: /DC=ch/DC=cern/OU=computers/CN=vocms(045|052|021|031).cern.ch
  timeleft: 719:59:39  (30.0 days)

 error: 
 retcode : 0
DEBUG 2015-06-01 10:33:46,656: 	 Myproxy is valid: 2591979
DEBUG 2015-06-01 10:33:46,656: 	 Command use: status
DEBUG 2015-06-01 10:33:46,656: 	 Options use: []
DEBUG 2015-06-01 10:33:47,052: 	 CRABClient version: 3.3.16.patch1
DEBUG 2015-06-01 10:33:47,053: 	 Instance is prod
DEBUG 2015-06-01 10:33:47,053: 	 Server base url is cmsweb.cern.ch
DEBUG 2015-06-01 10:33:47,053: 	 Command url /crabserver/prod/workflow
DEBUG 2015-06-01 10:33:47,053: 	 Looking up detailed status of task 150601_093330:doburns_crab_Crab_Trigger_Sample
DEBUG 2015-06-01 10:33:47,548: 	 {'status': 'NEW', 'saveLogs': 'F', 'totalJobdefs': 0, 'jobSetID': '', 'jobsPerStatus': {}, 'taskWarningMsg': [], 'taskFailureMsg': '', 'failedJobdefs': 0, 'jobdefErrors': [], 'jobList': []}
INFO 2015-06-01 10:33:47,548: 	 CRAB project directory:		/storage/db0268/ServiceTriggerWork/CMSSW_7_4_3/src/StoreTrigger/StoreTrigger/crab/crab_Crab_Trigger_Sample
INFO 2015-06-01 10:33:47,548: 	 Task name:			150601_093330:doburns_crab_Crab_Trigger_Sample
INFO 2015-06-01 10:33:47,548: 	 Task status:			NEW
INFO 2015-06-01 10:33:47,548: 	 
No jobs created yet!
DEBUG 2015-06-01 10:48:28,896: 	 Executing command: 'status'
DEBUG 2015-06-01 10:48:28,897: 	 Found CRAB cache file /users/db0268/.crab3
DEBUG 2015-06-01 10:48:29,017: 	 Checking credentials
DEBUG 2015-06-01 10:48:29,017: 	 Found proxy file /tmp/x509up_u55855
DEBUG 2015-06-01 10:48:29,017: 	 Getting proxy life time left
DEBUG 2015-06-01 10:48:29,621: 	 Executing : 
 command : voms-proxy-info -file /tmp/x509up_u55855 -timeleft
 output : 37813

 error: 
 retcode : 0
DEBUG 2015-06-01 10:48:30,225: 	 Executing : 
 command : voms-proxy-info -file /tmp/x509up_u55855 -actimeleft
 output : 37811

 error: 
 retcode : 0
DEBUG 2015-06-01 10:48:30,226: 	 Proxy valid for 10:30:13 hours
DEBUG 2015-06-01 10:48:30,352: 	 Executing : 
 command : openssl x509 -in ~/.globus/usercert.pem -subject -noout
 output : subject= /DC=ch/DC=cern/OU=Organic Units/OU=Users/CN=doburns/CN=762974/CN=Douglas John Paul Burns

 error: WARNING: can't open config file: /build/dmwmbld/srv/state/dmwmbld/builds/comp_gcc481/w/tmp/BUILDROOT/779a792f862039a4ebba572299ebbb36/build/dmwmbld/srv/state/dmwmbld/builds/comp_gcc481/w/slc6_amd64_gcc481/external/openssl/1.0.1m-comp/ssl/openssl.cnf

 retcode : 0
DEBUG 2015-06-01 10:48:30,352: 	 Checking credentials
DEBUG 2015-06-01 10:48:30,353: 	 Found proxy file /tmp/x509up_u55855
DEBUG 2015-06-01 10:48:30,353: 	 Getting proxy life time left
DEBUG 2015-06-01 10:48:30,956: 	 Executing : 
 command : voms-proxy-info -file /tmp/x509up_u55855 -timeleft
 output : 37812

 error: 
 retcode : 0
DEBUG 2015-06-01 10:48:31,561: 	 Executing : 
 command : voms-proxy-info -file /tmp/x509up_u55855 -actimeleft
 output : 37810

 error: 
 retcode : 0
DEBUG 2015-06-01 10:48:31,561: 	 Proxy valid for 10:30:12 hours
DEBUG 2015-06-01 10:48:31,993: 	 Registering user credentials for server /DC=ch/DC=cern/OU=computers/CN=vocms(045|052|021|031).cern.ch
DEBUG 2015-06-01 10:48:32,102: 	 Executing : 
 command : openssl x509 -in ~/.globus/usercert.pem -subject -noout
 output : subject= /DC=ch/DC=cern/OU=Organic Units/OU=Users/CN=doburns/CN=762974/CN=Douglas John Paul Burns

 error: WARNING: can't open config file: /build/dmwmbld/srv/state/dmwmbld/builds/comp_gcc481/w/tmp/BUILDROOT/779a792f862039a4ebba572299ebbb36/build/dmwmbld/srv/state/dmwmbld/builds/comp_gcc481/w/slc6_amd64_gcc481/external/openssl/1.0.1m-comp/ssl/openssl.cnf

 retcode : 0
DEBUG 2015-06-01 10:48:32,103: 	 Getting myproxy life time left for myproxy.cern.ch
DEBUG 2015-06-01 10:48:32,103: 	 Calculating hash of /DC=ch/DC=cern/OU=Organic Units/OU=Users/CN=doburns/CN=762974/CN=Douglas John Paul Burns_cmsweb.cern.ch for credential name
DEBUG 2015-06-01 10:48:32,707: 	 Executing : 
 command : myproxy-info -l 4c7e82e423d37f6a9e2bee9ad8074253144912c7 -s myproxy.cern.ch
 output : username: 4c7e82e423d37f6a9e2bee9ad8074253144912c7
owner: /DC=ch/DC=cern/OU=Organic Units/OU=Users/CN=doburns/CN=762974/CN=Douglas John Paul Burns
  renewal policy: /DC=ch/DC=cern/OU=computers/CN=vocms(045|052|021|031).cern.ch
  trusted retrieval policy: /DC=ch/DC=cern/OU=computers/CN=vocms(045|052|021|031).cern.ch
  timeleft: 719:44:53  (30.0 days)

 error: 
 retcode : 0
DEBUG 2015-06-01 10:48:32,708: 	 Myproxy is valid: 2591093
DEBUG 2015-06-01 10:48:32,708: 	 Command use: status
DEBUG 2015-06-01 10:48:32,708: 	 Options use: []
DEBUG 2015-06-01 10:48:33,151: 	 CRABClient version: 3.3.16.patch1
DEBUG 2015-06-01 10:48:33,151: 	 Instance is prod
DEBUG 2015-06-01 10:48:33,151: 	 Server base url is cmsweb.cern.ch
DEBUG 2015-06-01 10:48:33,151: 	 Command url /crabserver/prod/workflow
DEBUG 2015-06-01 10:48:33,151: 	 Looking up detailed status of task 150601_093330:doburns_crab_Crab_Trigger_Sample
DEBUG 2015-06-01 10:48:33,936: 	 {'status': 'SUBMITTED', 'saveLogs': 'F', 'jobsPerStatus': {'running': 53, 'transferring': 7}, 'jobs': {'30': {'State': 'running'}, '28': {'State': 'running'}, '29': {'State': 'transferring'}, '60': {'State': 'running'}, '35': {'State': 'running'}, '34': {'State': 'running'}, '23': {'State': 'running'}, '24': {'State': 'running'}, '25': {'State': 'running'}, '26': {'State': 'transferring'}, '27': {'State': 'running'}, '20': {'State': 'running'}, '21': {'State': 'running'}, '48': {'State': 'running'}, '49': {'State': 'running'}, '46': {'State': 'running'}, '47': {'State': 'running'}, '44': {'State': 'running'}, '45': {'State': 'running'}, '42': {'State': 'running'}, '43': {'State': 'transferring'}, '40': {'State': 'running'}, '41': {'State': 'running'}, '1': {'State': 'running'}, '3': {'State': 'transferring'}, '2': {'State': 'running'}, '5': {'State': 'running'}, '4': {'State': 'running'}, '7': {'State': 'running'}, '6': {'State': 'running'}, '9': {'State': 'running'}, '8': {'State': 'running'}, '13': {'State': 'running'}, '12': {'State': 'running'}, '17': {'State': 'running'}, '15': {'State': 'running'}, '32': {'State': 'running'}, '58': {'State': 'running'}, '11': {'State': 'running'}, '10': {'State': 'running'}, '39': {'State': 'running'}, '38': {'State': 'running'}, '59': {'State': 'running'}, '22': {'State': 'transferring'}, '14': {'State': 'transferring'}, '16': {'State': 'running'}, '19': {'State': 'running'}, '54': {'State': 'running'}, '31': {'State': 'running'}, '56': {'State': 'running'}, '51': {'State': 'running'}, '36': {'State': 'transferring'}, '53': {'State': 'running'}, '52': {'State': 'running'}, '33': {'State': 'running'}, '55': {'State': 'running'}, '37': {'State': 'running'}, '18': {'State': 'running'}, '57': {'State': 'running'}, '50': {'State': 'running'}}, 'publication': {}, 'taskWarningMsg': [], 'taskFailureMsg': '', 'failedJobdefs': 0, 'ASOURL': 'https://cmsweb.cern.ch/couchdb', 'pool': {}, 'totalJobdefs': 0, 'jobSetID': '150601_093330:doburns_crab_Crab_Trigger_Sample', 'jobdefErrors': [], 'outdatasets': None, 'jobList': [['running', 56], ['running', 54], ['running', 42], ['running', 48], ['transferring', 43], ['running', 60], ['running', 49], ['running', 52], ['running', 53], ['running', 24], ['running', 25], ['transferring', 26], ['running', 27], ['running', 20], ['running', 21], ['transferring', 22], ['running', 23], ['running', 46], ['running', 47], ['running', 44], ['running', 45], ['running', 28], ['transferring', 29], ['running', 40], ['running', 41], ['running', 1], ['transferring', 3], ['running', 2], ['running', 5], ['running', 4], ['running', 7], ['running', 6], ['running', 9], ['running', 8], ['running', 51], ['running', 39], ['running', 38], ['running', 59], ['running', 58], ['running', 11], ['running', 10], ['running', 13], ['running', 12], ['running', 15], ['transferring', 14], ['running', 17], ['running', 16], ['running', 19], ['running', 18], ['running', 31], ['running', 30], ['running', 37], ['transferring', 36], ['running', 35], ['running', 34], ['running', 33], ['running', 55], ['running', 32], ['running', 57], ['running', 50]]}
INFO 2015-06-01 10:48:33,937: 	 CRAB project directory:		/storage/db0268/ServiceTriggerWork/CMSSW_7_4_3/src/StoreTrigger/StoreTrigger/crab/crab_Crab_Trigger_Sample
INFO 2015-06-01 10:48:33,937: 	 Task name:			150601_093330:doburns_crab_Crab_Trigger_Sample
INFO 2015-06-01 10:48:33,937: 	 Task status:			SUBMITTED
INFO 2015-06-01 10:48:33,937: 	 Glidemon monitoring URL:	http://glidemon.web.cern.ch/glidemon/jobs.php?taskname=150601_093330%3Adoburns_crab_Crab_Trigger_Sample
INFO 2015-06-01 10:48:33,937: 	 Dashboard monitoring URL:	http://dashb-cms-job.cern.ch/dashboard/templates/task-analysis/#user=crab&refresh=0&table=Jobs&p=1&records=25&activemenu=2&status=&site=&tid=150601_093330%3Adoburns_crab_Crab_Trigger_Sample
INFO 2015-06-01 10:48:33,937: 	 Details:			running        88.3% (53/60)
INFO 2015-06-01 10:48:33,937: 	 				transferring   11.7% ( 7/60)
INFO 2015-06-01 10:48:33,937: 	 
No publication information available yet
DEBUG 2015-06-01 10:51:55,239: 	 Executing command: 'status'
DEBUG 2015-06-01 10:51:55,240: 	 Found CRAB cache file /users/db0268/.crab3
DEBUG 2015-06-01 10:51:55,250: 	 Checking credentials
DEBUG 2015-06-01 10:51:55,251: 	 Found proxy file /tmp/x509up_u55855
DEBUG 2015-06-01 10:51:55,251: 	 Getting proxy life time left
DEBUG 2015-06-01 10:51:55,855: 	 Executing : 
 command : voms-proxy-info -file /tmp/x509up_u55855 -timeleft
 output : 37607

 error: 
 retcode : 0
DEBUG 2015-06-01 10:51:56,459: 	 Executing : 
 command : voms-proxy-info -file /tmp/x509up_u55855 -actimeleft
 output : 37605

 error: 
 retcode : 0
DEBUG 2015-06-01 10:51:56,459: 	 Proxy valid for 10:26:47 hours
DEBUG 2015-06-01 10:51:56,585: 	 Executing : 
 command : openssl x509 -in ~/.globus/usercert.pem -subject -noout
 output : subject= /DC=ch/DC=cern/OU=Organic Units/OU=Users/CN=doburns/CN=762974/CN=Douglas John Paul Burns

 error: WARNING: can't open config file: /build/dmwmbld/srv/state/dmwmbld/builds/comp_gcc481/w/tmp/BUILDROOT/779a792f862039a4ebba572299ebbb36/build/dmwmbld/srv/state/dmwmbld/builds/comp_gcc481/w/slc6_amd64_gcc481/external/openssl/1.0.1m-comp/ssl/openssl.cnf

 retcode : 0
DEBUG 2015-06-01 10:51:56,586: 	 Checking credentials
DEBUG 2015-06-01 10:51:56,586: 	 Found proxy file /tmp/x509up_u55855
DEBUG 2015-06-01 10:51:56,586: 	 Getting proxy life time left
DEBUG 2015-06-01 10:51:57,190: 	 Executing : 
 command : voms-proxy-info -file /tmp/x509up_u55855 -timeleft
 output : 37605

 error: 
 retcode : 0
DEBUG 2015-06-01 10:51:57,794: 	 Executing : 
 command : voms-proxy-info -file /tmp/x509up_u55855 -actimeleft
 output : 37604

 error: 
 retcode : 0
DEBUG 2015-06-01 10:51:57,794: 	 Proxy valid for 10:26:45 hours
DEBUG 2015-06-01 10:51:58,296: 	 Registering user credentials for server /DC=ch/DC=cern/OU=computers/CN=vocms(045|052|021|031).cern.ch
DEBUG 2015-06-01 10:51:58,405: 	 Executing : 
 command : openssl x509 -in ~/.globus/usercert.pem -subject -noout
 output : subject= /DC=ch/DC=cern/OU=Organic Units/OU=Users/CN=doburns/CN=762974/CN=Douglas John Paul Burns

 error: WARNING: can't open config file: /build/dmwmbld/srv/state/dmwmbld/builds/comp_gcc481/w/tmp/BUILDROOT/779a792f862039a4ebba572299ebbb36/build/dmwmbld/srv/state/dmwmbld/builds/comp_gcc481/w/slc6_amd64_gcc481/external/openssl/1.0.1m-comp/ssl/openssl.cnf

 retcode : 0
DEBUG 2015-06-01 10:51:58,406: 	 Getting myproxy life time left for myproxy.cern.ch
DEBUG 2015-06-01 10:51:58,406: 	 Calculating hash of /DC=ch/DC=cern/OU=Organic Units/OU=Users/CN=doburns/CN=762974/CN=Douglas John Paul Burns_cmsweb.cern.ch for credential name
DEBUG 2015-06-01 10:51:58,810: 	 Executing : 
 command : myproxy-info -l 4c7e82e423d37f6a9e2bee9ad8074253144912c7 -s myproxy.cern.ch
 output : username: 4c7e82e423d37f6a9e2bee9ad8074253144912c7
owner: /DC=ch/DC=cern/OU=Organic Units/OU=Users/CN=doburns/CN=762974/CN=Douglas John Paul Burns
  renewal policy: /DC=ch/DC=cern/OU=computers/CN=vocms(045|052|021|031).cern.ch
  trusted retrieval policy: /DC=ch/DC=cern/OU=computers/CN=vocms(045|052|021|031).cern.ch
  timeleft: 719:41:27  (30.0 days)

 error: 
 retcode : 0
DEBUG 2015-06-01 10:51:58,811: 	 Myproxy is valid: 2590887
DEBUG 2015-06-01 10:51:58,811: 	 Command use: status
DEBUG 2015-06-01 10:51:58,811: 	 Options use: []
DEBUG 2015-06-01 10:51:59,200: 	 CRABClient version: 3.3.16.patch1
DEBUG 2015-06-01 10:51:59,201: 	 Instance is prod
DEBUG 2015-06-01 10:51:59,201: 	 Server base url is cmsweb.cern.ch
DEBUG 2015-06-01 10:51:59,201: 	 Command url /crabserver/prod/workflow
DEBUG 2015-06-01 10:51:59,201: 	 Looking up detailed status of task 150601_093330:doburns_crab_Crab_Trigger_Sample
DEBUG 2015-06-01 10:52:01,812: 	 {'status': 'SUBMITTED', 'saveLogs': 'F', 'jobsPerStatus': {'running': 47, 'transferring': 13}, 'jobs': {'30': {'State': 'running'}, '28': {'State': 'running'}, '29': {'State': 'transferring'}, '60': {'State': 'transferring'}, '35': {'State': 'running'}, '34': {'State': 'running'}, '23': {'State': 'running'}, '24': {'State': 'running'}, '25': {'State': 'running'}, '26': {'State': 'transferring'}, '27': {'State': 'transferring'}, '20': {'State': 'running'}, '21': {'State': 'transferring'}, '48': {'State': 'running'}, '49': {'State': 'running'}, '46': {'State': 'running'}, '47': {'State': 'running'}, '44': {'State': 'running'}, '45': {'State': 'running'}, '42': {'State': 'running'}, '43': {'State': 'transferring'}, '40': {'State': 'running'}, '41': {'State': 'running'}, '1': {'State': 'running'}, '3': {'State': 'transferring'}, '2': {'State': 'running'}, '5': {'State': 'running'}, '4': {'State': 'running'}, '7': {'State': 'running'}, '6': {'State': 'running'}, '9': {'State': 'running'}, '8': {'State': 'transferring'}, '13': {'State': 'running'}, '12': {'State': 'running'}, '17': {'State': 'running'}, '15': {'State': 'running'}, '32': {'State': 'running'}, '58': {'State': 'running'}, '11': {'State': 'running'}, '10': {'State': 'running'}, '39': {'State': 'running'}, '38': {'State': 'running'}, '59': {'State': 'running'}, '22': {'State': 'transferring'}, '14': {'State': 'transferring'}, '16': {'State': 'running'}, '19': {'State': 'transferring'}, '54': {'State': 'running'}, '31': {'State': 'running'}, '56': {'State': 'running'}, '51': {'State': 'running'}, '36': {'State': 'transferring'}, '53': {'State': 'running'}, '52': {'State': 'running'}, '33': {'State': 'running'}, '55': {'State': 'transferring'}, '37': {'State': 'running'}, '18': {'State': 'running'}, '57': {'State': 'running'}, '50': {'State': 'running'}}, 'publication': {}, 'taskWarningMsg': [], 'taskFailureMsg': '', 'failedJobdefs': 0, 'ASOURL': 'https://cmsweb.cern.ch/couchdb', 'pool': {}, 'totalJobdefs': 0, 'jobSetID': '150601_093330:doburns_crab_Crab_Trigger_Sample', 'jobdefErrors': [], 'outdatasets': None, 'jobList': [['running', 56], ['running', 54], ['running', 42], ['running', 48], ['transferring', 43], ['transferring', 60], ['running', 49], ['running', 52], ['running', 53], ['running', 24], ['running', 25], ['transferring', 26], ['transferring', 27], ['running', 20], ['transferring', 21], ['transferring', 22], ['running', 23], ['running', 46], ['running', 47], ['running', 44], ['running', 45], ['running', 28], ['transferring', 29], ['running', 40], ['running', 41], ['running', 1], ['transferring', 3], ['running', 2], ['running', 5], ['running', 4], ['running', 7], ['running', 6], ['running', 9], ['transferring', 8], ['running', 51], ['running', 39], ['running', 38], ['running', 59], ['running', 58], ['running', 11], ['running', 10], ['running', 13], ['running', 12], ['running', 15], ['transferring', 14], ['running', 17], ['running', 16], ['transferring', 19], ['running', 18], ['running', 31], ['running', 30], ['running', 37], ['transferring', 36], ['running', 35], ['running', 34], ['running', 33], ['transferring', 55], ['running', 32], ['running', 57], ['running', 50]]}
INFO 2015-06-01 10:52:01,812: 	 CRAB project directory:		/storage/db0268/ServiceTriggerWork/CMSSW_7_4_3/src/StoreTrigger/StoreTrigger/crab/crab_Crab_Trigger_Sample
INFO 2015-06-01 10:52:01,812: 	 Task name:			150601_093330:doburns_crab_Crab_Trigger_Sample
INFO 2015-06-01 10:52:01,812: 	 Task status:			SUBMITTED
INFO 2015-06-01 10:52:01,812: 	 Glidemon monitoring URL:	http://glidemon.web.cern.ch/glidemon/jobs.php?taskname=150601_093330%3Adoburns_crab_Crab_Trigger_Sample
INFO 2015-06-01 10:52:01,813: 	 Dashboard monitoring URL:	http://dashb-cms-job.cern.ch/dashboard/templates/task-analysis/#user=crab&refresh=0&table=Jobs&p=1&records=25&activemenu=2&status=&site=&tid=150601_093330%3Adoburns_crab_Crab_Trigger_Sample
INFO 2015-06-01 10:52:01,813: 	 Details:			running        78.3% (47/60)
INFO 2015-06-01 10:52:01,813: 	 				transferring   21.7% (13/60)
INFO 2015-06-01 10:52:01,813: 	 
No publication information available yet
DEBUG 2015-06-01 11:00:41,214: 	 Executing command: 'status'
DEBUG 2015-06-01 11:00:41,215: 	 Found CRAB cache file /users/db0268/.crab3
DEBUG 2015-06-01 11:00:41,228: 	 Checking credentials
DEBUG 2015-06-01 11:00:41,228: 	 Found proxy file /tmp/x509up_u55855
DEBUG 2015-06-01 11:00:41,228: 	 Getting proxy life time left
DEBUG 2015-06-01 11:00:41,832: 	 Executing : 
 command : voms-proxy-info -file /tmp/x509up_u55855 -timeleft
 output : 37081

 error: 
 retcode : 0
DEBUG 2015-06-01 11:00:42,437: 	 Executing : 
 command : voms-proxy-info -file /tmp/x509up_u55855 -actimeleft
 output : 37079

 error: 
 retcode : 0
DEBUG 2015-06-01 11:00:42,437: 	 Proxy valid for 10:18:01 hours
DEBUG 2015-06-01 11:00:42,552: 	 Executing : 
 command : openssl x509 -in ~/.globus/usercert.pem -subject -noout
 output : subject= /DC=ch/DC=cern/OU=Organic Units/OU=Users/CN=doburns/CN=762974/CN=Douglas John Paul Burns

 error: WARNING: can't open config file: /build/dmwmbld/srv/state/dmwmbld/builds/comp_gcc481/w/tmp/BUILDROOT/779a792f862039a4ebba572299ebbb36/build/dmwmbld/srv/state/dmwmbld/builds/comp_gcc481/w/slc6_amd64_gcc481/external/openssl/1.0.1m-comp/ssl/openssl.cnf

 retcode : 0
DEBUG 2015-06-01 11:00:42,552: 	 Checking credentials
DEBUG 2015-06-01 11:00:42,552: 	 Found proxy file /tmp/x509up_u55855
DEBUG 2015-06-01 11:00:42,552: 	 Getting proxy life time left
DEBUG 2015-06-01 11:00:43,156: 	 Executing : 
 command : voms-proxy-info -file /tmp/x509up_u55855 -timeleft
 output : 37079

 error: 
 retcode : 0
DEBUG 2015-06-01 11:00:43,760: 	 Executing : 
 command : voms-proxy-info -file /tmp/x509up_u55855 -actimeleft
 output : 37078

 error: 
 retcode : 0
DEBUG 2015-06-01 11:00:43,761: 	 Proxy valid for 10:17:59 hours
DEBUG 2015-06-01 11:00:45,405: 	 Registering user credentials for server /DC=ch/DC=cern/OU=computers/CN=vocms(045|052|021|031).cern.ch
DEBUG 2015-06-01 11:00:45,515: 	 Executing : 
 command : openssl x509 -in ~/.globus/usercert.pem -subject -noout
 output : subject= /DC=ch/DC=cern/OU=Organic Units/OU=Users/CN=doburns/CN=762974/CN=Douglas John Paul Burns

 error: WARNING: can't open config file: /build/dmwmbld/srv/state/dmwmbld/builds/comp_gcc481/w/tmp/BUILDROOT/779a792f862039a4ebba572299ebbb36/build/dmwmbld/srv/state/dmwmbld/builds/comp_gcc481/w/slc6_amd64_gcc481/external/openssl/1.0.1m-comp/ssl/openssl.cnf

 retcode : 0
DEBUG 2015-06-01 11:00:45,516: 	 Getting myproxy life time left for myproxy.cern.ch
DEBUG 2015-06-01 11:00:45,516: 	 Calculating hash of /DC=ch/DC=cern/OU=Organic Units/OU=Users/CN=doburns/CN=762974/CN=Douglas John Paul Burns_cmsweb.cern.ch for credential name
DEBUG 2015-06-01 11:00:46,120: 	 Executing : 
 command : myproxy-info -l 4c7e82e423d37f6a9e2bee9ad8074253144912c7 -s myproxy.cern.ch
 output : username: 4c7e82e423d37f6a9e2bee9ad8074253144912c7
owner: /DC=ch/DC=cern/OU=Organic Units/OU=Users/CN=doburns/CN=762974/CN=Douglas John Paul Burns
  renewal policy: /DC=ch/DC=cern/OU=computers/CN=vocms(045|052|021|031).cern.ch
  trusted retrieval policy: /DC=ch/DC=cern/OU=computers/CN=vocms(045|052|021|031).cern.ch
  timeleft: 719:32:39  (30.0 days)

 error: 
 retcode : 0
DEBUG 2015-06-01 11:00:46,121: 	 Myproxy is valid: 2590359
DEBUG 2015-06-01 11:00:46,121: 	 Command use: status
DEBUG 2015-06-01 11:00:46,121: 	 Options use: []
DEBUG 2015-06-01 11:00:46,590: 	 CRABClient version: 3.3.16.patch1
DEBUG 2015-06-01 11:00:46,590: 	 Instance is prod
DEBUG 2015-06-01 11:00:46,590: 	 Server base url is cmsweb.cern.ch
DEBUG 2015-06-01 11:00:46,590: 	 Command url /crabserver/prod/workflow
DEBUG 2015-06-01 11:00:46,590: 	 Looking up detailed status of task 150601_093330:doburns_crab_Crab_Trigger_Sample
DEBUG 2015-06-01 11:00:47,346: 	 {'status': 'SUBMITTED', 'saveLogs': 'F', 'jobsPerStatus': {'running': 2, 'transferring': 58}, 'jobs': {'30': {'State': 'transferring'}, '28': {'State': 'transferring'}, '29': {'State': 'transferring'}, '60': {'State': 'transferring'}, '35': {'State': 'transferring'}, '34': {'State': 'transferring'}, '23': {'State': 'transferring'}, '24': {'State': 'transferring'}, '25': {'State': 'transferring'}, '26': {'State': 'transferring'}, '27': {'State': 'transferring'}, '20': {'State': 'transferring'}, '21': {'State': 'transferring'}, '48': {'State': 'transferring'}, '49': {'State': 'transferring'}, '46': {'State': 'transferring'}, '47': {'State': 'transferring'}, '44': {'State': 'transferring'}, '45': {'State': 'transferring'}, '42': {'State': 'transferring'}, '43': {'State': 'transferring'}, '40': {'State': 'transferring'}, '41': {'State': 'transferring'}, '1': {'State': 'running'}, '3': {'State': 'transferring'}, '2': {'State': 'running'}, '5': {'State': 'transferring'}, '4': {'State': 'transferring'}, '7': {'State': 'transferring'}, '6': {'State': 'transferring'}, '9': {'State': 'transferring'}, '8': {'State': 'transferring'}, '13': {'State': 'transferring'}, '12': {'State': 'transferring'}, '17': {'State': 'transferring'}, '15': {'State': 'transferring'}, '32': {'State': 'transferring'}, '58': {'State': 'transferring'}, '11': {'State': 'transferring'}, '10': {'State': 'transferring'}, '39': {'State': 'transferring'}, '38': {'State': 'transferring'}, '59': {'State': 'transferring'}, '22': {'State': 'transferring'}, '14': {'State': 'transferring'}, '16': {'State': 'transferring'}, '19': {'State': 'transferring'}, '54': {'State': 'transferring'}, '31': {'State': 'transferring'}, '56': {'State': 'transferring'}, '51': {'State': 'transferring'}, '36': {'State': 'transferring'}, '53': {'State': 'transferring'}, '52': {'State': 'transferring'}, '33': {'State': 'transferring'}, '55': {'State': 'transferring'}, '37': {'State': 'transferring'}, '18': {'State': 'transferring'}, '57': {'State': 'transferring'}, '50': {'State': 'transferring'}}, 'publication': {}, 'taskWarningMsg': [], 'taskFailureMsg': '', 'failedJobdefs': 0, 'ASOURL': 'https://cmsweb.cern.ch/couchdb', 'pool': {}, 'totalJobdefs': 0, 'jobSetID': '150601_093330:doburns_crab_Crab_Trigger_Sample', 'jobdefErrors': [], 'outdatasets': None, 'jobList': [['transferring', 56], ['transferring', 54], ['transferring', 42], ['transferring', 48], ['transferring', 43], ['transferring', 60], ['transferring', 49], ['transferring', 52], ['transferring', 53], ['transferring', 24], ['transferring', 25], ['transferring', 26], ['transferring', 27], ['transferring', 20], ['transferring', 21], ['transferring', 22], ['transferring', 23], ['transferring', 46], ['transferring', 47], ['transferring', 44], ['transferring', 45], ['transferring', 28], ['transferring', 29], ['transferring', 40], ['transferring', 41], ['running', 1], ['transferring', 3], ['running', 2], ['transferring', 5], ['transferring', 4], ['transferring', 7], ['transferring', 6], ['transferring', 9], ['transferring', 8], ['transferring', 51], ['transferring', 39], ['transferring', 38], ['transferring', 59], ['transferring', 58], ['transferring', 11], ['transferring', 10], ['transferring', 13], ['transferring', 12], ['transferring', 15], ['transferring', 14], ['transferring', 17], ['transferring', 16], ['transferring', 19], ['transferring', 18], ['transferring', 31], ['transferring', 30], ['transferring', 37], ['transferring', 36], ['transferring', 35], ['transferring', 34], ['transferring', 33], ['transferring', 55], ['transferring', 32], ['transferring', 57], ['transferring', 50]]}
INFO 2015-06-01 11:00:47,346: 	 CRAB project directory:		/storage/db0268/ServiceTriggerWork/CMSSW_7_4_3/src/StoreTrigger/StoreTrigger/crab/crab_Crab_Trigger_Sample
INFO 2015-06-01 11:00:47,346: 	 Task name:			150601_093330:doburns_crab_Crab_Trigger_Sample
INFO 2015-06-01 11:00:47,346: 	 Task status:			SUBMITTED
INFO 2015-06-01 11:00:47,346: 	 Glidemon monitoring URL:	http://glidemon.web.cern.ch/glidemon/jobs.php?taskname=150601_093330%3Adoburns_crab_Crab_Trigger_Sample
INFO 2015-06-01 11:00:47,346: 	 Dashboard monitoring URL:	http://dashb-cms-job.cern.ch/dashboard/templates/task-analysis/#user=crab&refresh=0&table=Jobs&p=1&records=25&activemenu=2&status=&site=&tid=150601_093330%3Adoburns_crab_Crab_Trigger_Sample
INFO 2015-06-01 11:00:47,346: 	 Details:			running         3.3% ( 2/60)
INFO 2015-06-01 11:00:47,346: 	 				transferring   96.7% (58/60)
INFO 2015-06-01 11:00:47,347: 	 
No publication information available yet
DEBUG 2015-06-01 11:26:22,024: 	 Executing command: 'status'
DEBUG 2015-06-01 11:26:22,025: 	 Found CRAB cache file /users/db0268/.crab3
DEBUG 2015-06-01 11:26:22,048: 	 Checking credentials
DEBUG 2015-06-01 11:26:22,048: 	 Found proxy file /tmp/x509up_u55855
DEBUG 2015-06-01 11:26:22,049: 	 Getting proxy life time left
DEBUG 2015-06-01 11:26:22,653: 	 Executing : 
 command : voms-proxy-info -file /tmp/x509up_u55855 -timeleft
 output : 35540

 error: 
 retcode : 0
DEBUG 2015-06-01 11:26:23,257: 	 Executing : 
 command : voms-proxy-info -file /tmp/x509up_u55855 -actimeleft
 output : 35538

 error: 
 retcode : 0
DEBUG 2015-06-01 11:26:23,258: 	 Proxy valid for 09:52:20 hours
DEBUG 2015-06-01 11:26:23,392: 	 Executing : 
 command : openssl x509 -in ~/.globus/usercert.pem -subject -noout
 output : subject= /DC=ch/DC=cern/OU=Organic Units/OU=Users/CN=doburns/CN=762974/CN=Douglas John Paul Burns

 error: WARNING: can't open config file: /build/dmwmbld/srv/state/dmwmbld/builds/comp_gcc481/w/tmp/BUILDROOT/779a792f862039a4ebba572299ebbb36/build/dmwmbld/srv/state/dmwmbld/builds/comp_gcc481/w/slc6_amd64_gcc481/external/openssl/1.0.1m-comp/ssl/openssl.cnf

 retcode : 0
DEBUG 2015-06-01 11:26:23,393: 	 Checking credentials
DEBUG 2015-06-01 11:26:23,393: 	 Found proxy file /tmp/x509up_u55855
DEBUG 2015-06-01 11:26:23,393: 	 Getting proxy life time left
DEBUG 2015-06-01 11:26:23,997: 	 Executing : 
 command : voms-proxy-info -file /tmp/x509up_u55855 -timeleft
 output : 35539

 error: 
 retcode : 0
DEBUG 2015-06-01 11:26:24,601: 	 Executing : 
 command : voms-proxy-info -file /tmp/x509up_u55855 -actimeleft
 output : 35537

 error: 
 retcode : 0
DEBUG 2015-06-01 11:26:24,602: 	 Proxy valid for 09:52:19 hours
DEBUG 2015-06-01 11:26:25,122: 	 Registering user credentials for server /DC=ch/DC=cern/OU=computers/CN=vocms(045|052|021|031).cern.ch
DEBUG 2015-06-01 11:26:25,232: 	 Executing : 
 command : openssl x509 -in ~/.globus/usercert.pem -subject -noout
 output : subject= /DC=ch/DC=cern/OU=Organic Units/OU=Users/CN=doburns/CN=762974/CN=Douglas John Paul Burns

 error: WARNING: can't open config file: /build/dmwmbld/srv/state/dmwmbld/builds/comp_gcc481/w/tmp/BUILDROOT/779a792f862039a4ebba572299ebbb36/build/dmwmbld/srv/state/dmwmbld/builds/comp_gcc481/w/slc6_amd64_gcc481/external/openssl/1.0.1m-comp/ssl/openssl.cnf

 retcode : 0
DEBUG 2015-06-01 11:26:25,232: 	 Getting myproxy life time left for myproxy.cern.ch
DEBUG 2015-06-01 11:26:25,232: 	 Calculating hash of /DC=ch/DC=cern/OU=Organic Units/OU=Users/CN=doburns/CN=762974/CN=Douglas John Paul Burns_cmsweb.cern.ch for credential name
DEBUG 2015-06-01 11:26:25,836: 	 Executing : 
 command : myproxy-info -l 4c7e82e423d37f6a9e2bee9ad8074253144912c7 -s myproxy.cern.ch
 output : username: 4c7e82e423d37f6a9e2bee9ad8074253144912c7
owner: /DC=ch/DC=cern/OU=Organic Units/OU=Users/CN=doburns/CN=762974/CN=Douglas John Paul Burns
  renewal policy: /DC=ch/DC=cern/OU=computers/CN=vocms(045|052|021|031).cern.ch
  trusted retrieval policy: /DC=ch/DC=cern/OU=computers/CN=vocms(045|052|021|031).cern.ch
  timeleft: 719:07:00  (30.0 days)

 error: 
 retcode : 0
DEBUG 2015-06-01 11:26:25,838: 	 Myproxy is valid: 2588820
DEBUG 2015-06-01 11:26:25,838: 	 Command use: status
DEBUG 2015-06-01 11:26:25,838: 	 Options use: []
DEBUG 2015-06-01 11:26:26,241: 	 CRABClient version: 3.3.16.patch1
DEBUG 2015-06-01 11:26:26,241: 	 Instance is prod
DEBUG 2015-06-01 11:26:26,241: 	 Server base url is cmsweb.cern.ch
DEBUG 2015-06-01 11:26:26,241: 	 Command url /crabserver/prod/workflow
DEBUG 2015-06-01 11:26:26,242: 	 Looking up detailed status of task 150601_093330:doburns_crab_Crab_Trigger_Sample
DEBUG 2015-06-01 11:26:27,076: 	 {'status': 'SUBMITTED', 'saveLogs': 'F', 'jobsPerStatus': {'transferring': 60}, 'jobs': {'30': {'State': 'transferring'}, '28': {'State': 'transferring'}, '29': {'State': 'transferring'}, '60': {'State': 'transferring'}, '35': {'State': 'transferring'}, '34': {'State': 'transferring'}, '23': {'State': 'transferring'}, '24': {'State': 'transferring'}, '25': {'State': 'transferring'}, '26': {'State': 'transferring'}, '27': {'State': 'transferring'}, '20': {'State': 'transferring'}, '21': {'State': 'transferring'}, '48': {'State': 'transferring'}, '49': {'State': 'transferring'}, '46': {'State': 'transferring'}, '47': {'State': 'transferring'}, '44': {'State': 'transferring'}, '45': {'State': 'transferring'}, '42': {'State': 'transferring'}, '43': {'State': 'transferring'}, '40': {'State': 'transferring'}, '41': {'State': 'transferring'}, '1': {'State': 'transferring'}, '3': {'State': 'transferring'}, '2': {'State': 'transferring'}, '5': {'State': 'transferring'}, '4': {'State': 'transferring'}, '7': {'State': 'transferring'}, '6': {'State': 'transferring'}, '9': {'State': 'transferring'}, '8': {'State': 'transferring'}, '13': {'State': 'transferring'}, '12': {'State': 'transferring'}, '17': {'State': 'transferring'}, '15': {'State': 'transferring'}, '32': {'State': 'transferring'}, '58': {'State': 'transferring'}, '11': {'State': 'transferring'}, '10': {'State': 'transferring'}, '39': {'State': 'transferring'}, '38': {'State': 'transferring'}, '59': {'State': 'transferring'}, '22': {'State': 'transferring'}, '14': {'State': 'transferring'}, '16': {'State': 'transferring'}, '19': {'State': 'transferring'}, '54': {'State': 'transferring'}, '31': {'State': 'transferring'}, '56': {'State': 'transferring'}, '51': {'State': 'transferring'}, '36': {'State': 'transferring'}, '53': {'State': 'transferring'}, '52': {'State': 'transferring'}, '33': {'State': 'transferring'}, '55': {'State': 'transferring'}, '37': {'State': 'transferring'}, '18': {'State': 'transferring'}, '57': {'State': 'transferring'}, '50': {'State': 'transferring'}}, 'publication': {}, 'taskWarningMsg': [], 'taskFailureMsg': '', 'failedJobdefs': 0, 'ASOURL': 'https://cmsweb.cern.ch/couchdb', 'pool': {}, 'totalJobdefs': 0, 'jobSetID': '150601_093330:doburns_crab_Crab_Trigger_Sample', 'jobdefErrors': [], 'outdatasets': None, 'jobList': [['transferring', 56], ['transferring', 54], ['transferring', 42], ['transferring', 48], ['transferring', 43], ['transferring', 60], ['transferring', 49], ['transferring', 52], ['transferring', 53], ['transferring', 24], ['transferring', 25], ['transferring', 26], ['transferring', 27], ['transferring', 20], ['transferring', 21], ['transferring', 22], ['transferring', 23], ['transferring', 46], ['transferring', 47], ['transferring', 44], ['transferring', 45], ['transferring', 28], ['transferring', 29], ['transferring', 40], ['transferring', 41], ['transferring', 1], ['transferring', 3], ['transferring', 2], ['transferring', 5], ['transferring', 4], ['transferring', 7], ['transferring', 6], ['transferring', 9], ['transferring', 8], ['transferring', 51], ['transferring', 39], ['transferring', 38], ['transferring', 59], ['transferring', 58], ['transferring', 11], ['transferring', 10], ['transferring', 13], ['transferring', 12], ['transferring', 15], ['transferring', 14], ['transferring', 17], ['transferring', 16], ['transferring', 19], ['transferring', 18], ['transferring', 31], ['transferring', 30], ['transferring', 37], ['transferring', 36], ['transferring', 35], ['transferring', 34], ['transferring', 33], ['transferring', 55], ['transferring', 32], ['transferring', 57], ['transferring', 50]]}
INFO 2015-06-01 11:26:27,076: 	 CRAB project directory:		/storage/db0268/ServiceTriggerWork/CMSSW_7_4_3/src/StoreTrigger/StoreTrigger/crab/crab_Crab_Trigger_Sample
INFO 2015-06-01 11:26:27,076: 	 Task name:			150601_093330:doburns_crab_Crab_Trigger_Sample
INFO 2015-06-01 11:26:27,077: 	 Task status:			SUBMITTED
INFO 2015-06-01 11:26:27,077: 	 Glidemon monitoring URL:	http://glidemon.web.cern.ch/glidemon/jobs.php?taskname=150601_093330%3Adoburns_crab_Crab_Trigger_Sample
INFO 2015-06-01 11:26:27,077: 	 Dashboard monitoring URL:	http://dashb-cms-job.cern.ch/dashboard/templates/task-analysis/#user=crab&refresh=0&table=Jobs&p=1&records=25&activemenu=2&status=&site=&tid=150601_093330%3Adoburns_crab_Crab_Trigger_Sample
INFO 2015-06-01 11:26:27,077: 	 Details:			transferring  100.0% (60/60)
INFO 2015-06-01 11:26:27,077: 	 
No publication information available yet
DEBUG 2015-06-01 11:40:13,834: 	 Executing command: 'status'
DEBUG 2015-06-01 11:40:13,835: 	 Found CRAB cache file /users/db0268/.crab3
DEBUG 2015-06-01 11:40:13,867: 	 Checking credentials
DEBUG 2015-06-01 11:40:13,868: 	 Found proxy file /tmp/x509up_u55855
DEBUG 2015-06-01 11:40:13,868: 	 Getting proxy life time left
DEBUG 2015-06-01 11:40:14,472: 	 Executing : 
 command : voms-proxy-info -file /tmp/x509up_u55855 -timeleft
 output : 34708

 error: 
 retcode : 0
DEBUG 2015-06-01 11:40:15,077: 	 Executing : 
 command : voms-proxy-info -file /tmp/x509up_u55855 -actimeleft
 output : 34707

 error: 
 retcode : 0
DEBUG 2015-06-01 11:40:15,077: 	 Proxy valid for 09:38:28 hours
DEBUG 2015-06-01 11:40:15,192: 	 Executing : 
 command : openssl x509 -in ~/.globus/usercert.pem -subject -noout
 output : subject= /DC=ch/DC=cern/OU=Organic Units/OU=Users/CN=doburns/CN=762974/CN=Douglas John Paul Burns

 error: WARNING: can't open config file: /build/dmwmbld/srv/state/dmwmbld/builds/comp_gcc481/w/tmp/BUILDROOT/779a792f862039a4ebba572299ebbb36/build/dmwmbld/srv/state/dmwmbld/builds/comp_gcc481/w/slc6_amd64_gcc481/external/openssl/1.0.1m-comp/ssl/openssl.cnf

 retcode : 0
DEBUG 2015-06-01 11:40:15,192: 	 Checking credentials
DEBUG 2015-06-01 11:40:15,192: 	 Found proxy file /tmp/x509up_u55855
DEBUG 2015-06-01 11:40:15,192: 	 Getting proxy life time left
DEBUG 2015-06-01 11:40:15,796: 	 Executing : 
 command : voms-proxy-info -file /tmp/x509up_u55855 -timeleft
 output : 34707

 error: 
 retcode : 0
DEBUG 2015-06-01 11:40:16,401: 	 Executing : 
 command : voms-proxy-info -file /tmp/x509up_u55855 -actimeleft
 output : 34705

 error: 
 retcode : 0
DEBUG 2015-06-01 11:40:16,401: 	 Proxy valid for 09:38:27 hours
DEBUG 2015-06-01 11:40:16,989: 	 Registering user credentials for server /DC=ch/DC=cern/OU=computers/CN=vocms(045|052|021|031).cern.ch
DEBUG 2015-06-01 11:40:17,099: 	 Executing : 
 command : openssl x509 -in ~/.globus/usercert.pem -subject -noout
 output : subject= /DC=ch/DC=cern/OU=Organic Units/OU=Users/CN=doburns/CN=762974/CN=Douglas John Paul Burns

 error: WARNING: can't open config file: /build/dmwmbld/srv/state/dmwmbld/builds/comp_gcc481/w/tmp/BUILDROOT/779a792f862039a4ebba572299ebbb36/build/dmwmbld/srv/state/dmwmbld/builds/comp_gcc481/w/slc6_amd64_gcc481/external/openssl/1.0.1m-comp/ssl/openssl.cnf

 retcode : 0
DEBUG 2015-06-01 11:40:17,100: 	 Getting myproxy life time left for myproxy.cern.ch
DEBUG 2015-06-01 11:40:17,100: 	 Calculating hash of /DC=ch/DC=cern/OU=Organic Units/OU=Users/CN=doburns/CN=762974/CN=Douglas John Paul Burns_cmsweb.cern.ch for credential name
DEBUG 2015-06-01 11:40:17,704: 	 Executing : 
 command : myproxy-info -l 4c7e82e423d37f6a9e2bee9ad8074253144912c7 -s myproxy.cern.ch
 output : username: 4c7e82e423d37f6a9e2bee9ad8074253144912c7
owner: /DC=ch/DC=cern/OU=Organic Units/OU=Users/CN=doburns/CN=762974/CN=Douglas John Paul Burns
  renewal policy: /DC=ch/DC=cern/OU=computers/CN=vocms(045|052|021|031).cern.ch
  trusted retrieval policy: /DC=ch/DC=cern/OU=computers/CN=vocms(045|052|021|031).cern.ch
  timeleft: 718:53:08  (30.0 days)

 error: 
 retcode : 0
DEBUG 2015-06-01 11:40:17,705: 	 Myproxy is valid: 2587988
DEBUG 2015-06-01 11:40:17,705: 	 Command use: status
DEBUG 2015-06-01 11:40:17,705: 	 Options use: []
DEBUG 2015-06-01 11:40:18,105: 	 CRABClient version: 3.3.16.patch1
DEBUG 2015-06-01 11:40:18,105: 	 Instance is prod
DEBUG 2015-06-01 11:40:18,105: 	 Server base url is cmsweb.cern.ch
DEBUG 2015-06-01 11:40:18,106: 	 Command url /crabserver/prod/workflow
DEBUG 2015-06-01 11:40:18,106: 	 Looking up detailed status of task 150601_093330:doburns_crab_Crab_Trigger_Sample
DEBUG 2015-06-01 11:40:18,779: 	 {'status': 'SUBMITTED', 'saveLogs': 'F', 'jobsPerStatus': {'transferring': 60}, 'jobs': {'30': {'State': 'transferring'}, '28': {'State': 'transferring'}, '29': {'State': 'transferring'}, '60': {'State': 'transferring'}, '35': {'State': 'transferring'}, '34': {'State': 'transferring'}, '23': {'State': 'transferring'}, '24': {'State': 'transferring'}, '25': {'State': 'transferring'}, '26': {'State': 'transferring'}, '27': {'State': 'transferring'}, '20': {'State': 'transferring'}, '21': {'State': 'transferring'}, '48': {'State': 'transferring'}, '49': {'State': 'transferring'}, '46': {'State': 'transferring'}, '47': {'State': 'transferring'}, '44': {'State': 'transferring'}, '45': {'State': 'transferring'}, '42': {'State': 'transferring'}, '43': {'State': 'transferring'}, '40': {'State': 'transferring'}, '41': {'State': 'transferring'}, '1': {'State': 'transferring'}, '3': {'State': 'transferring'}, '2': {'State': 'transferring'}, '5': {'State': 'transferring'}, '4': {'State': 'transferring'}, '7': {'State': 'transferring'}, '6': {'State': 'transferring'}, '9': {'State': 'transferring'}, '8': {'State': 'transferring'}, '13': {'State': 'transferring'}, '12': {'State': 'transferring'}, '17': {'State': 'transferring'}, '15': {'State': 'transferring'}, '32': {'State': 'transferring'}, '58': {'State': 'transferring'}, '11': {'State': 'transferring'}, '10': {'State': 'transferring'}, '39': {'State': 'transferring'}, '38': {'State': 'transferring'}, '59': {'State': 'transferring'}, '22': {'State': 'transferring'}, '14': {'State': 'transferring'}, '16': {'State': 'transferring'}, '19': {'State': 'transferring'}, '54': {'State': 'transferring'}, '31': {'State': 'transferring'}, '56': {'State': 'transferring'}, '51': {'State': 'transferring'}, '36': {'State': 'transferring'}, '53': {'State': 'transferring'}, '52': {'State': 'transferring'}, '33': {'State': 'transferring'}, '55': {'State': 'transferring'}, '37': {'State': 'transferring'}, '18': {'State': 'transferring'}, '57': {'State': 'transferring'}, '50': {'State': 'transferring'}}, 'publication': {}, 'taskWarningMsg': [], 'taskFailureMsg': '', 'failedJobdefs': 0, 'ASOURL': 'https://cmsweb.cern.ch/couchdb', 'pool': {}, 'totalJobdefs': 0, 'jobSetID': '150601_093330:doburns_crab_Crab_Trigger_Sample', 'jobdefErrors': [], 'outdatasets': None, 'jobList': [['transferring', 56], ['transferring', 54], ['transferring', 42], ['transferring', 48], ['transferring', 43], ['transferring', 60], ['transferring', 49], ['transferring', 52], ['transferring', 53], ['transferring', 24], ['transferring', 25], ['transferring', 26], ['transferring', 27], ['transferring', 20], ['transferring', 21], ['transferring', 22], ['transferring', 23], ['transferring', 46], ['transferring', 47], ['transferring', 44], ['transferring', 45], ['transferring', 28], ['transferring', 29], ['transferring', 40], ['transferring', 41], ['transferring', 1], ['transferring', 3], ['transferring', 2], ['transferring', 5], ['transferring', 4], ['transferring', 7], ['transferring', 6], ['transferring', 9], ['transferring', 8], ['transferring', 51], ['transferring', 39], ['transferring', 38], ['transferring', 59], ['transferring', 58], ['transferring', 11], ['transferring', 10], ['transferring', 13], ['transferring', 12], ['transferring', 15], ['transferring', 14], ['transferring', 17], ['transferring', 16], ['transferring', 19], ['transferring', 18], ['transferring', 31], ['transferring', 30], ['transferring', 37], ['transferring', 36], ['transferring', 35], ['transferring', 34], ['transferring', 33], ['transferring', 55], ['transferring', 32], ['transferring', 57], ['transferring', 50]]}
INFO 2015-06-01 11:40:18,779: 	 CRAB project directory:		/storage/db0268/ServiceTriggerWork/CMSSW_7_4_3/src/StoreTrigger/StoreTrigger/crab/crab_Crab_Trigger_Sample
INFO 2015-06-01 11:40:18,779: 	 Task name:			150601_093330:doburns_crab_Crab_Trigger_Sample
INFO 2015-06-01 11:40:18,779: 	 Task status:			SUBMITTED
INFO 2015-06-01 11:40:18,779: 	 Glidemon monitoring URL:	http://glidemon.web.cern.ch/glidemon/jobs.php?taskname=150601_093330%3Adoburns_crab_Crab_Trigger_Sample
INFO 2015-06-01 11:40:18,779: 	 Dashboard monitoring URL:	http://dashb-cms-job.cern.ch/dashboard/templates/task-analysis/#user=crab&refresh=0&table=Jobs&p=1&records=25&activemenu=2&status=&site=&tid=150601_093330%3Adoburns_crab_Crab_Trigger_Sample
INFO 2015-06-01 11:40:18,779: 	 Details:			transferring  100.0% (60/60)
INFO 2015-06-01 11:40:18,779: 	 
No publication information available yet
DEBUG 2015-06-01 11:45:14,112: 	 Executing command: 'status'
DEBUG 2015-06-01 11:45:14,113: 	 Found CRAB cache file /users/db0268/.crab3
DEBUG 2015-06-01 11:45:14,254: 	 Checking credentials
DEBUG 2015-06-01 11:45:14,254: 	 Found proxy file /tmp/x509up_u55855
DEBUG 2015-06-01 11:45:14,254: 	 Getting proxy life time left
DEBUG 2015-06-01 11:45:14,858: 	 Executing : 
 command : voms-proxy-info -file /tmp/x509up_u55855 -timeleft
 output : 34408

 error: 
 retcode : 0
DEBUG 2015-06-01 11:45:15,467: 	 Executing : 
 command : voms-proxy-info -file /tmp/x509up_u55855 -actimeleft
 output : 34406

 error: 
 retcode : 0
DEBUG 2015-06-01 11:45:15,467: 	 Proxy valid for 09:33:28 hours
DEBUG 2015-06-01 11:45:15,583: 	 Executing : 
 command : openssl x509 -in ~/.globus/usercert.pem -subject -noout
 output : subject= /DC=ch/DC=cern/OU=Organic Units/OU=Users/CN=doburns/CN=762974/CN=Douglas John Paul Burns

 error: WARNING: can't open config file: /build/dmwmbld/srv/state/dmwmbld/builds/comp_gcc481/w/tmp/BUILDROOT/779a792f862039a4ebba572299ebbb36/build/dmwmbld/srv/state/dmwmbld/builds/comp_gcc481/w/slc6_amd64_gcc481/external/openssl/1.0.1m-comp/ssl/openssl.cnf

 retcode : 0
DEBUG 2015-06-01 11:45:15,583: 	 Checking credentials
DEBUG 2015-06-01 11:45:15,583: 	 Found proxy file /tmp/x509up_u55855
DEBUG 2015-06-01 11:45:15,583: 	 Getting proxy life time left
DEBUG 2015-06-01 11:45:16,187: 	 Executing : 
 command : voms-proxy-info -file /tmp/x509up_u55855 -timeleft
 output : 34406

 error: 
 retcode : 0
DEBUG 2015-06-01 11:45:16,792: 	 Executing : 
 command : voms-proxy-info -file /tmp/x509up_u55855 -actimeleft
 output : 34405

 error: 
 retcode : 0
DEBUG 2015-06-01 11:45:16,792: 	 Proxy valid for 09:33:26 hours
DEBUG 2015-06-01 11:45:17,440: 	 Registering user credentials for server /DC=ch/DC=cern/OU=computers/CN=vocms(045|052|021|031).cern.ch
DEBUG 2015-06-01 11:45:17,550: 	 Executing : 
 command : openssl x509 -in ~/.globus/usercert.pem -subject -noout
 output : subject= /DC=ch/DC=cern/OU=Organic Units/OU=Users/CN=doburns/CN=762974/CN=Douglas John Paul Burns

 error: WARNING: can't open config file: /build/dmwmbld/srv/state/dmwmbld/builds/comp_gcc481/w/tmp/BUILDROOT/779a792f862039a4ebba572299ebbb36/build/dmwmbld/srv/state/dmwmbld/builds/comp_gcc481/w/slc6_amd64_gcc481/external/openssl/1.0.1m-comp/ssl/openssl.cnf

 retcode : 0
DEBUG 2015-06-01 11:45:17,551: 	 Getting myproxy life time left for myproxy.cern.ch
DEBUG 2015-06-01 11:45:17,551: 	 Calculating hash of /DC=ch/DC=cern/OU=Organic Units/OU=Users/CN=doburns/CN=762974/CN=Douglas John Paul Burns_cmsweb.cern.ch for credential name
DEBUG 2015-06-01 11:45:18,155: 	 Executing : 
 command : myproxy-info -l 4c7e82e423d37f6a9e2bee9ad8074253144912c7 -s myproxy.cern.ch
 output : username: 4c7e82e423d37f6a9e2bee9ad8074253144912c7
owner: /DC=ch/DC=cern/OU=Organic Units/OU=Users/CN=doburns/CN=762974/CN=Douglas John Paul Burns
  renewal policy: /DC=ch/DC=cern/OU=computers/CN=vocms(045|052|021|031).cern.ch
  trusted retrieval policy: /DC=ch/DC=cern/OU=computers/CN=vocms(045|052|021|031).cern.ch
  timeleft: 718:48:07  (30.0 days)

 error: 
 retcode : 0
DEBUG 2015-06-01 11:45:18,156: 	 Myproxy is valid: 2587687
DEBUG 2015-06-01 11:45:18,156: 	 Command use: status
DEBUG 2015-06-01 11:45:18,156: 	 Options use: []
DEBUG 2015-06-01 11:45:18,595: 	 CRABClient version: 3.3.16.patch1
DEBUG 2015-06-01 11:45:18,595: 	 Instance is prod
DEBUG 2015-06-01 11:45:18,595: 	 Server base url is cmsweb.cern.ch
DEBUG 2015-06-01 11:45:18,595: 	 Command url /crabserver/prod/workflow
DEBUG 2015-06-01 11:45:18,595: 	 Looking up detailed status of task 150601_093330:doburns_crab_Crab_Trigger_Sample
DEBUG 2015-06-01 11:45:23,454: 	 {'status': 'SUBMITTED', 'saveLogs': 'F', 'jobsPerStatus': {'transferring': 60}, 'jobs': {'30': {'State': 'transferring'}, '28': {'State': 'transferring'}, '29': {'State': 'transferring'}, '60': {'State': 'transferring'}, '35': {'State': 'transferring'}, '34': {'State': 'transferring'}, '23': {'State': 'transferring'}, '24': {'State': 'transferring'}, '25': {'State': 'transferring'}, '26': {'State': 'transferring'}, '27': {'State': 'transferring'}, '20': {'State': 'transferring'}, '21': {'State': 'transferring'}, '48': {'State': 'transferring'}, '49': {'State': 'transferring'}, '46': {'State': 'transferring'}, '47': {'State': 'transferring'}, '44': {'State': 'transferring'}, '45': {'State': 'transferring'}, '42': {'State': 'transferring'}, '43': {'State': 'transferring'}, '40': {'State': 'transferring'}, '41': {'State': 'transferring'}, '1': {'State': 'transferring'}, '3': {'State': 'transferring'}, '2': {'State': 'transferring'}, '5': {'State': 'transferring'}, '4': {'State': 'transferring'}, '7': {'State': 'transferring'}, '6': {'State': 'transferring'}, '9': {'State': 'transferring'}, '8': {'State': 'transferring'}, '13': {'State': 'transferring'}, '12': {'State': 'transferring'}, '17': {'State': 'transferring'}, '15': {'State': 'transferring'}, '32': {'State': 'transferring'}, '58': {'State': 'transferring'}, '11': {'State': 'transferring'}, '10': {'State': 'transferring'}, '39': {'State': 'transferring'}, '38': {'State': 'transferring'}, '59': {'State': 'transferring'}, '22': {'State': 'transferring'}, '14': {'State': 'transferring'}, '16': {'State': 'transferring'}, '19': {'State': 'transferring'}, '54': {'State': 'transferring'}, '31': {'State': 'transferring'}, '56': {'State': 'transferring'}, '51': {'State': 'transferring'}, '36': {'State': 'transferring'}, '53': {'State': 'transferring'}, '52': {'State': 'transferring'}, '33': {'State': 'transferring'}, '55': {'State': 'transferring'}, '37': {'State': 'transferring'}, '18': {'State': 'transferring'}, '57': {'State': 'transferring'}, '50': {'State': 'transferring'}}, 'publication': {}, 'taskWarningMsg': [], 'taskFailureMsg': '', 'failedJobdefs': 0, 'ASOURL': 'https://cmsweb.cern.ch/couchdb', 'pool': {}, 'totalJobdefs': 0, 'jobSetID': '150601_093330:doburns_crab_Crab_Trigger_Sample', 'jobdefErrors': [], 'outdatasets': None, 'jobList': [['transferring', 56], ['transferring', 54], ['transferring', 42], ['transferring', 48], ['transferring', 43], ['transferring', 60], ['transferring', 49], ['transferring', 52], ['transferring', 53], ['transferring', 24], ['transferring', 25], ['transferring', 26], ['transferring', 27], ['transferring', 20], ['transferring', 21], ['transferring', 22], ['transferring', 23], ['transferring', 46], ['transferring', 47], ['transferring', 44], ['transferring', 45], ['transferring', 28], ['transferring', 29], ['transferring', 40], ['transferring', 41], ['transferring', 1], ['transferring', 3], ['transferring', 2], ['transferring', 5], ['transferring', 4], ['transferring', 7], ['transferring', 6], ['transferring', 9], ['transferring', 8], ['transferring', 51], ['transferring', 39], ['transferring', 38], ['transferring', 59], ['transferring', 58], ['transferring', 11], ['transferring', 10], ['transferring', 13], ['transferring', 12], ['transferring', 15], ['transferring', 14], ['transferring', 17], ['transferring', 16], ['transferring', 19], ['transferring', 18], ['transferring', 31], ['transferring', 30], ['transferring', 37], ['transferring', 36], ['transferring', 35], ['transferring', 34], ['transferring', 33], ['transferring', 55], ['transferring', 32], ['transferring', 57], ['transferring', 50]]}
INFO 2015-06-01 11:45:23,454: 	 CRAB project directory:		/storage/db0268/ServiceTriggerWork/CMSSW_7_4_3/src/StoreTrigger/StoreTrigger/crab/crab_Crab_Trigger_Sample
INFO 2015-06-01 11:45:23,454: 	 Task name:			150601_093330:doburns_crab_Crab_Trigger_Sample
INFO 2015-06-01 11:45:23,454: 	 Task status:			SUBMITTED
INFO 2015-06-01 11:45:23,454: 	 Glidemon monitoring URL:	http://glidemon.web.cern.ch/glidemon/jobs.php?taskname=150601_093330%3Adoburns_crab_Crab_Trigger_Sample
INFO 2015-06-01 11:45:23,455: 	 Dashboard monitoring URL:	http://dashb-cms-job.cern.ch/dashboard/templates/task-analysis/#user=crab&refresh=0&table=Jobs&p=1&records=25&activemenu=2&status=&site=&tid=150601_093330%3Adoburns_crab_Crab_Trigger_Sample
INFO 2015-06-01 11:45:23,455: 	 Details:			transferring  100.0% (60/60)
INFO 2015-06-01 11:45:23,455: 	 
No publication information available yet
DEBUG 2015-06-01 11:46:35,385: 	 Executing command: 'status'
DEBUG 2015-06-01 11:46:35,386: 	 Found CRAB cache file /users/db0268/.crab3
DEBUG 2015-06-01 11:46:35,396: 	 Checking credentials
DEBUG 2015-06-01 11:46:35,397: 	 Found proxy file /tmp/x509up_u55855
DEBUG 2015-06-01 11:46:35,397: 	 Getting proxy life time left
DEBUG 2015-06-01 11:46:36,001: 	 Executing : 
 command : voms-proxy-info -file /tmp/x509up_u55855 -timeleft
 output : 34327

 error: 
 retcode : 0
DEBUG 2015-06-01 11:46:36,606: 	 Executing : 
 command : voms-proxy-info -file /tmp/x509up_u55855 -actimeleft
 output : 34325

 error: 
 retcode : 0
DEBUG 2015-06-01 11:46:36,606: 	 Proxy valid for 09:32:07 hours
DEBUG 2015-06-01 11:46:36,721: 	 Executing : 
 command : openssl x509 -in ~/.globus/usercert.pem -subject -noout
 output : subject= /DC=ch/DC=cern/OU=Organic Units/OU=Users/CN=doburns/CN=762974/CN=Douglas John Paul Burns

 error: WARNING: can't open config file: /build/dmwmbld/srv/state/dmwmbld/builds/comp_gcc481/w/tmp/BUILDROOT/779a792f862039a4ebba572299ebbb36/build/dmwmbld/srv/state/dmwmbld/builds/comp_gcc481/w/slc6_amd64_gcc481/external/openssl/1.0.1m-comp/ssl/openssl.cnf

 retcode : 0
DEBUG 2015-06-01 11:46:36,722: 	 Checking credentials
DEBUG 2015-06-01 11:46:36,722: 	 Found proxy file /tmp/x509up_u55855
DEBUG 2015-06-01 11:46:36,722: 	 Getting proxy life time left
DEBUG 2015-06-01 11:46:37,326: 	 Executing : 
 command : voms-proxy-info -file /tmp/x509up_u55855 -timeleft
 output : 34325

 error: 
 retcode : 0
DEBUG 2015-06-01 11:46:37,935: 	 Executing : 
 command : voms-proxy-info -file /tmp/x509up_u55855 -actimeleft
 output : 34324

 error: 
 retcode : 0
DEBUG 2015-06-01 11:46:37,935: 	 Proxy valid for 09:32:05 hours
DEBUG 2015-06-01 11:46:38,367: 	 Registering user credentials for server /DC=ch/DC=cern/OU=computers/CN=vocms(045|052|021|031).cern.ch
DEBUG 2015-06-01 11:46:38,477: 	 Executing : 
 command : openssl x509 -in ~/.globus/usercert.pem -subject -noout
 output : subject= /DC=ch/DC=cern/OU=Organic Units/OU=Users/CN=doburns/CN=762974/CN=Douglas John Paul Burns

 error: WARNING: can't open config file: /build/dmwmbld/srv/state/dmwmbld/builds/comp_gcc481/w/tmp/BUILDROOT/779a792f862039a4ebba572299ebbb36/build/dmwmbld/srv/state/dmwmbld/builds/comp_gcc481/w/slc6_amd64_gcc481/external/openssl/1.0.1m-comp/ssl/openssl.cnf

 retcode : 0
DEBUG 2015-06-01 11:46:38,478: 	 Getting myproxy life time left for myproxy.cern.ch
DEBUG 2015-06-01 11:46:38,478: 	 Calculating hash of /DC=ch/DC=cern/OU=Organic Units/OU=Users/CN=doburns/CN=762974/CN=Douglas John Paul Burns_cmsweb.cern.ch for credential name
DEBUG 2015-06-01 11:46:39,082: 	 Executing : 
 command : myproxy-info -l 4c7e82e423d37f6a9e2bee9ad8074253144912c7 -s myproxy.cern.ch
 output : username: 4c7e82e423d37f6a9e2bee9ad8074253144912c7
owner: /DC=ch/DC=cern/OU=Organic Units/OU=Users/CN=doburns/CN=762974/CN=Douglas John Paul Burns
  renewal policy: /DC=ch/DC=cern/OU=computers/CN=vocms(045|052|021|031).cern.ch
  trusted retrieval policy: /DC=ch/DC=cern/OU=computers/CN=vocms(045|052|021|031).cern.ch
  timeleft: 718:46:46  (29.9 days)

 error: 
 retcode : 0
DEBUG 2015-06-01 11:46:39,083: 	 Myproxy is valid: 2587606
DEBUG 2015-06-01 11:46:39,083: 	 Command use: status
DEBUG 2015-06-01 11:46:39,083: 	 Options use: []
DEBUG 2015-06-01 11:46:39,706: 	 CRABClient version: 3.3.16.patch1
DEBUG 2015-06-01 11:46:39,706: 	 Instance is prod
DEBUG 2015-06-01 11:46:39,706: 	 Server base url is cmsweb.cern.ch
DEBUG 2015-06-01 11:46:39,706: 	 Command url /crabserver/prod/workflow
DEBUG 2015-06-01 11:46:39,706: 	 Looking up detailed status of task 150601_093330:doburns_crab_Crab_Trigger_Sample
DEBUG 2015-06-01 11:46:40,978: 	 {'status': 'SUBMITTED', 'saveLogs': 'F', 'jobsPerStatus': {'transferring': 60}, 'jobs': {'30': {'State': 'transferring'}, '28': {'State': 'transferring'}, '29': {'State': 'transferring'}, '60': {'State': 'transferring'}, '35': {'State': 'transferring'}, '34': {'State': 'transferring'}, '23': {'State': 'transferring'}, '24': {'State': 'transferring'}, '25': {'State': 'transferring'}, '26': {'State': 'transferring'}, '27': {'State': 'transferring'}, '20': {'State': 'transferring'}, '21': {'State': 'transferring'}, '48': {'State': 'transferring'}, '49': {'State': 'transferring'}, '46': {'State': 'transferring'}, '47': {'State': 'transferring'}, '44': {'State': 'transferring'}, '45': {'State': 'transferring'}, '42': {'State': 'transferring'}, '43': {'State': 'transferring'}, '40': {'State': 'transferring'}, '41': {'State': 'transferring'}, '1': {'State': 'transferring'}, '3': {'State': 'transferring'}, '2': {'State': 'transferring'}, '5': {'State': 'transferring'}, '4': {'State': 'transferring'}, '7': {'State': 'transferring'}, '6': {'State': 'transferring'}, '9': {'State': 'transferring'}, '8': {'State': 'transferring'}, '13': {'State': 'transferring'}, '12': {'State': 'transferring'}, '17': {'State': 'transferring'}, '15': {'State': 'transferring'}, '32': {'State': 'transferring'}, '58': {'State': 'transferring'}, '11': {'State': 'transferring'}, '10': {'State': 'transferring'}, '39': {'State': 'transferring'}, '38': {'State': 'transferring'}, '59': {'State': 'transferring'}, '22': {'State': 'transferring'}, '14': {'State': 'transferring'}, '16': {'State': 'transferring'}, '19': {'State': 'transferring'}, '54': {'State': 'transferring'}, '31': {'State': 'transferring'}, '56': {'State': 'transferring'}, '51': {'State': 'transferring'}, '36': {'State': 'transferring'}, '53': {'State': 'transferring'}, '52': {'State': 'transferring'}, '33': {'State': 'transferring'}, '55': {'State': 'transferring'}, '37': {'State': 'transferring'}, '18': {'State': 'transferring'}, '57': {'State': 'transferring'}, '50': {'State': 'transferring'}}, 'publication': {}, 'taskWarningMsg': [], 'taskFailureMsg': '', 'failedJobdefs': 0, 'ASOURL': 'https://cmsweb.cern.ch/couchdb', 'pool': {}, 'totalJobdefs': 0, 'jobSetID': '150601_093330:doburns_crab_Crab_Trigger_Sample', 'jobdefErrors': [], 'outdatasets': None, 'jobList': [['transferring', 56], ['transferring', 54], ['transferring', 42], ['transferring', 48], ['transferring', 43], ['transferring', 60], ['transferring', 49], ['transferring', 52], ['transferring', 53], ['transferring', 24], ['transferring', 25], ['transferring', 26], ['transferring', 27], ['transferring', 20], ['transferring', 21], ['transferring', 22], ['transferring', 23], ['transferring', 46], ['transferring', 47], ['transferring', 44], ['transferring', 45], ['transferring', 28], ['transferring', 29], ['transferring', 40], ['transferring', 41], ['transferring', 1], ['transferring', 3], ['transferring', 2], ['transferring', 5], ['transferring', 4], ['transferring', 7], ['transferring', 6], ['transferring', 9], ['transferring', 8], ['transferring', 51], ['transferring', 39], ['transferring', 38], ['transferring', 59], ['transferring', 58], ['transferring', 11], ['transferring', 10], ['transferring', 13], ['transferring', 12], ['transferring', 15], ['transferring', 14], ['transferring', 17], ['transferring', 16], ['transferring', 19], ['transferring', 18], ['transferring', 31], ['transferring', 30], ['transferring', 37], ['transferring', 36], ['transferring', 35], ['transferring', 34], ['transferring', 33], ['transferring', 55], ['transferring', 32], ['transferring', 57], ['transferring', 50]]}
INFO 2015-06-01 11:46:40,978: 	 CRAB project directory:		/storage/db0268/ServiceTriggerWork/CMSSW_7_4_3/src/StoreTrigger/StoreTrigger/crab/crab_Crab_Trigger_Sample
INFO 2015-06-01 11:46:40,978: 	 Task name:			150601_093330:doburns_crab_Crab_Trigger_Sample
INFO 2015-06-01 11:46:40,978: 	 Task status:			SUBMITTED
INFO 2015-06-01 11:46:40,979: 	 Glidemon monitoring URL:	http://glidemon.web.cern.ch/glidemon/jobs.php?taskname=150601_093330%3Adoburns_crab_Crab_Trigger_Sample
INFO 2015-06-01 11:46:40,979: 	 Dashboard monitoring URL:	http://dashb-cms-job.cern.ch/dashboard/templates/task-analysis/#user=crab&refresh=0&table=Jobs&p=1&records=25&activemenu=2&status=&site=&tid=150601_093330%3Adoburns_crab_Crab_Trigger_Sample
INFO 2015-06-01 11:46:40,979: 	 Details:			transferring  100.0% (60/60)
INFO 2015-06-01 11:46:40,979: 	 
No publication information available yet
